[0mPOST /api/quiz/tests/email [32m200[0m 1.885 ms - -[0m
[0mPOST /api/quiz/tests/email [32m200[0m 0.869 ms - -[0m
[0mPOST /api/quiz/tests/email [32m200[0m 0.322 ms - -[0m
[0mPOST /api/quiz/tests/email [32m200[0m 2.368 ms - -[0m
[0mPOST /api/quiz/tests/email [32m200[0m 0.843 ms - -[0m
[0mPOST /api/quiz/tests/email [32m200[0m 0.348 ms - -[0m
[0mPOST /api/quiz/tests/email [32m200[0m 0.295 ms - -[0m
[0mPOST /api/quiz/tests/email [32m200[0m 0.285 ms - -[0m
[0mPOST /api/quiz/tests/email [32m200[0m 0.279 ms - -[0m
[0mPOST /api/quiz/tests/email [32m200[0m 0.295 ms - -[0m
[0mPOST /api/quiz/tests/email [32m200[0m 0.300 ms - -[0m
[0mPOST /api/quiz/tests/email [32m200[0m 0.301 ms - -[0m
[0mPOST /api/quiz/tests/email [32m200[0m 0.313 ms - -[0m
[0mPOST /api/quiz/tests/email [32m200[0m 0.310 ms - -[0m
[0mPOST /api/quiz/tests/email [32m200[0m 0.292 ms - -[0m
[0mPOST /api/quiz/tests/email [32m200[0m 0.315 ms - -[0m
[0mPOST /api/quiz/tests/email [32m200[0m 0.308 ms - -[0m
[0mPOST /api/quiz/tests/email [32m200[0m 0.306 ms - -[0m
[0mPOST /api/quiz/tests/email [32m200[0m 0.314 ms - -[0m
[0mPOST /api/quiz/tests/email [32m200[0m 0.255 ms - -[0m
[0mPOST /api/quiz/tests/email [32m200[0m 0.267 ms - -[0m
[0mPOST /api/quiz/tests/email [32m200[0m 0.274 ms - -[0m
[0mPOST /api/quiz/tests/email [32m200[0m 0.287 ms - -[0m
[0mPOST /api/quiz/tests/email [32m200[0m 0.289 ms - -[0m
[0mPOST /api/quiz/tests/email [32m200[0m 0.265 ms - -[0m
[0mPOST /api/quiz/tests/email [32m200[0m 0.270 ms - -[0m
[0mPOST /api/quiz/tests/email [32m200[0m 0.266 ms - -[0m
[0mPOST /api/quiz/tests/email [32m200[0m 0.291 ms - -[0m
[0mPOST /api/quiz/tests/email [32m200[0m 0.263 ms - -[0m
[0mPOST /api/quiz/tests/email [32m200[0m 0.280 ms - -[0m
[0mPOST /api/quiz/tests/email [32m200[0m 0.274 ms - -[0m
[0mPOST /api/quiz/tests/email [32m200[0m 0.288 ms - -[0m
[0mPOST /api/quiz/tests/email [32m200[0m 0.306 ms - -[0m
[0mPOST /api/quiz/tests/email [32m200[0m 10.810 ms - 310[0m
[0mGET /tests/allEmails [33m404[0m 3.148 ms - 22[0m
[0mGET /api/quiz/tests/allEmails [33m404[0m 1.075 ms - 22[0m
[0mGET /api/quiz/tests/allEmails [33m404[0m 0.303 ms - 22[0m
[0mGET /api/quiz/tests/allTests [32m200[0m 66.714 ms - 9062[0m
[0mGET /api/quiz/tests/allEmails [33m404[0m 0.303 ms - 22[0m
[0mGET /api/quiz/tests/allEmails [33m404[0m 2.999 ms - 22[0m
[0mGET /api/quiz/tests/allEmails [33m404[0m 0.966 ms - 22[0m
[0mGET /api/quiz/tests/allEmails [33m404[0m 0.289 ms - 22[0m
[0mGET /api/quiz/ [32m200[0m 0.788 ms - 21[0m
[0mGET /api/quiz/tests/email [33m404[0m 0.441 ms - 22[0m
[0mPOST /api/quiz/tests/email [32m200[0m 18.646 ms - 310[0m
[0mGET /api/quiz/tests/allEmails [33m404[0m 0.816 ms - 22[0m
[0mGET /api/quiz/tests/allEmails [31m500[0m 13.206 ms - 2709[0m
[0mGET /api/quiz/tests/allEmails [32m200[0m 57.868 ms - 594[0m
[0mGET /api/quiz/tests/allEmails [32m200[0m 513.911 ms - 594[0m
[0mGET /tests/allTests [33m404[0m 3.470 ms - 22[0m
[0mGET /tests/allTests [33m404[0m 2.841 ms - 22[0m
[0mGET /api/quiz/tests/allTests [32m200[0m 76.331 ms - 9062[0m
[0mGET /api/quiz/tests/allEmails [32m200[0m 42.715 ms - 594[0m
[0mGET /api/quiz/tests/allEmails [36m304[0m 45.535 ms - -[0m
[0mGET /api/quiz/tests/allEmails [36m304[0m 45.703 ms - -[0m
[0mGET /api/quiz/tests/allEmails [36m304[0m 39.202 ms - -[0m
[0mGET /api/quiz/tests/allEmails [36m304[0m 46.415 ms - -[0m
[0mGET /api/quiz/tests/allEmails [36m304[0m 46.686 ms - -[0m
[0mGET /api/quiz/tests/allEmails [36m304[0m 42.503 ms - -[0m
[0mGET /api/quiz/tests/allEmails [36m304[0m 44.267 ms - -[0m
[0mGET /api/quiz/tests/allEmails [36m304[0m 44.608 ms - -[0m
[0mGET /api/quiz/tests/allEmails [36m304[0m 47.116 ms - -[0m
[0mGET /api/quiz/tests/allTests [36m304[0m 50.325 ms - -[0m
[0mGET /api/quiz/tests/allEmails [36m304[0m 37.681 ms - -[0m
[0mGET /api/quiz/tests/allEmails [36m304[0m 44.862 ms - -[0m
[0mGET /api/quiz/tests/allEmails [36m304[0m 45.903 ms - -[0m
[0mGET /api/quiz/tests/allEmails [36m304[0m 42.097 ms - -[0m
[0mGET /api/quiz/tests/allEmails [36m304[0m 39.983 ms - -[0m
[0mGET /api/quiz/tests/allEmails [36m304[0m 94.021 ms - -[0m
[0mGET /api/quiz/tests/getTest?active=true [32m200[0m 52.555 ms - 8887[0m
[0mGET /api/quiz/client/languages?testid=undefined [33m404[0m 0.259 ms - 22[0m
[0mGET /favicon.ico [33m404[0m 0.431 ms - 22[0m
[0mOPTIONS /api/quiz/tests/email [32m204[0m 0.290 ms - 0[0m
[0mPOST /api/quiz/tests/email [32m200[0m 19.217 ms - 332[0m
[0mGET /api/quiz/client/languages?testid=616edc8d96ee5e151d85c153 [33m404[0m 0.267 ms - 22[0m
[0mGET /api/quiz/client/test?testid=616edc8d96ee5e151d85c153&lang=lv [33m404[0m 0.249 ms - 22[0m
[0mOPTIONS /api/quiz/tests/email [32m204[0m 0.143 ms - 0[0m
[0mPOST /api/quiz/tests/email [32m200[0m 1.436 ms - 332[0m
[0mGET /api/quiz/client/languages?testid=616edc8d96ee5e151d85c153 [33m404[0m 0.258 ms - 22[0m
[0mGET /api/quiz/tests/allTests [32m200[0m 94.480 ms - 9062[0m
[0mGET /api/quiz/tests/allTests [36m304[0m 55.185 ms - -[0m
